Using pre-set license
Built from '2020.2/staging' branch; Version is '2020.2.3f1 (8ff31bc5bf5b) revision 9433883'; Using compiler version '192528614'; Build Type 'Release'
OS: 'Windows 10 Home Single Language; OS build 19043.1052; Version 2009; 64bit' Language: 'en' Physical Memory: 12050 MB
BatchMode: 1, IsHumanControllingUs: 0, StartBugReporterOnCrash: 0, Is64bit: 1, IsPro: 0

 COMMAND LINE ARGUMENTS:
C:\Program Files\Unity\Editor\Unity.exe
-adb2
-batchMode
-noUpm
-name
AssetImportWorker0
-projectPath
C:/Unity/@github/Push_em_all/Push_em_all/Push_Me_all
-logFile
Logs/AssetImportWorker0.log
-srvPort
55693
Successfully changed project path to: C:/Unity/@github/Push_em_all/Push_em_all/Push_Me_all
C:/Unity/@github/Push_em_all/Push_em_all/Push_Me_all
Using Asset Import Pipeline V2.
Refreshing native plugins compatible for Editor in 50.02 ms, found 0 plugins.
Preloading 0 native plugins for Editor in 0.00 ms.
Initialize engine version: 2020.2.3f1 (8ff31bc5bf5b)
[Subsystems] Discovering subsystems at path C:/Program Files/Unity/Editor/Data/Resources/UnitySubsystems
[Subsystems] Discovering subsystems at path C:/Unity/@github/Push_em_all/Push_em_all/Push_Me_all/Assets
GfxDevice: creating device client; threaded=0
Direct3D:
    Version:  Direct3D 11.0 [level 11.1]
    Renderer: Intel(R) HD Graphics 620 (ID=0x5921)
    Vendor:   
    VRAM:     6025 MB
    Driver:   23.20.16.4973
Initialize mono
Mono path[0] = 'C:/Program Files/Unity/Editor/Data/Managed'
Mono path[1] = 'C:/Program Files/Unity/Editor/Data/MonoBleedingEdge/lib/mono/unityjit'
Mono config path = 'C:/Program Files/Unity/Editor/Data/MonoBleedingEdge/etc'
Using monoOptions --debugger-agent=transport=dt_socket,embedding=1,server=y,suspend=n,address=127.0.0.1:56152
Begin MonoManager ReloadAssembly
Registering precompiled unity dll's ...
Register platform support module: C:/Program Files/Unity/Editor/Data/PlaybackEngines/WebGLSupport/UnityEditor.WebGL.Extensions.dll
Register platform support module: C:/Program Files/Unity/Editor/Data/PlaybackEngines/WindowsStandaloneSupport/UnityEditor.WindowsStandalone.Extensions.dll
Registered in 0.005744 seconds.
Native extension for WindowsStandalone target not found
Native extension for WebGL target not found
Refreshing native plugins compatible for Editor in 48.22 ms, found 0 plugins.
Preloading 0 native plugins for Editor in 0.00 ms.
Invoked RoslynAnalysisRunner static constructor.
RoslynAnalysisRunner will not be running.
RoslynAnalysisRunner has terminated.
Mono: successfully reloaded assembly
- Completed reload, in  2.417 seconds
Platform modules already initialized, skipping
Registering precompiled user dll's ...
Registered in 0.016398 seconds.
Begin MonoManager ReloadAssembly
Native extension for WindowsStandalone target not found
Native extension for WebGL target not found
Refreshing native plugins compatible for Editor in 0.46 ms, found 0 plugins.
Preloading 0 native plugins for Editor in 0.00 ms.
Invoked RoslynAnalysisRunner static constructor.
RoslynAnalysisRunner will not be running.
RoslynAnalysisRunner has terminated.
Mono: successfully reloaded assembly
- Completed reload, in  2.151 seconds
Platform modules already initialized, skipping
========================================================================
Worker process is ready to serve import requests
Launched and connected shader compiler UnityShaderCompiler.exe after 0.08 seconds
Refreshing native plugins compatible for Editor in 0.39 ms, found 0 plugins.
Preloading 0 native plugins for Editor in 0.00 ms.
Unloading 1134 Unused Serialized files (Serialized files now loaded: 0)
System memory in use before: 58.0 MB.
System memory in use after: 58.0 MB.

Unloading 22 unused Assets to reduce memory usage. Loaded Objects now: 1618.
Total: 25.012500 ms (FindLiveObjects: 0.194900 ms CreateObjectMapping: 0.124500 ms MarkObjects: 24.556400 ms  DeleteObjects: 0.133600 ms)

========================================================================
Received Import Request.
  path: Assets/Plugins/Demigiant/DOTween/Editor/Imgs/Header.jpg
  artifactKey: Guid(78a59ca99f8987941adb61f9e14a06a7) Importer(815301076,1909f56bfc062723c751e8b465ee728b)
Start importing Assets/Plugins/Demigiant/DOTween/Editor/Imgs/Header.jpg using Guid(78a59ca99f8987941adb61f9e14a06a7) Importer(815301076,1909f56bfc062723c751e8b465ee728b)  -> (artifact id: '98aae692bd6005919e699488aceec05d') in 0.107044 seconds
  Import took 0.111654 seconds .

========================================================================
Received Import Request.
  Time since last request: 0.000411 seconds.
  path: Assets/HyperCasual_SimpleCharacters/Textures/SimpleCharacter_Texture_Brown.png
  artifactKey: Guid(844ae781ac8e63a41a7bc6d3344c53b0) Importer(815301076,1909f56bfc062723c751e8b465ee728b)
Start importing Assets/HyperCasual_SimpleCharacters/Textures/SimpleCharacter_Texture_Brown.png using Guid(844ae781ac8e63a41a7bc6d3344c53b0) Importer(815301076,1909f56bfc062723c751e8b465ee728b)  -> (artifact id: '84f97a7449a9db34bbc7755cc7c4e518') in 0.028947 seconds
  Import took 0.033852 seconds .

========================================================================
Received Import Request.
  Time since last request: 0.000559 seconds.
  path: Assets/Plugins/Demigiant/DOTween/Editor/Imgs/Footer.png
  artifactKey: Guid(7051dba417b3d53409f2918f1ea4938d) Importer(815301076,1909f56bfc062723c751e8b465ee728b)
Start importing Assets/Plugins/Demigiant/DOTween/Editor/Imgs/Footer.png using Guid(7051dba417b3d53409f2918f1ea4938d) Importer(815301076,1909f56bfc062723c751e8b465ee728b)  -> (artifact id: '3cb14108eb62bfe8ecef31096a3cf2e1') in 0.035217 seconds
  Import took 0.040039 seconds .

========================================================================
Received Import Request.
  Time since last request: 0.000363 seconds.
  path: Assets/HyperCasual_SimpleCharacters/Textures/SimpleCharacter_Texture_Yellow.png
  artifactKey: Guid(9fabc6ce8e5cbf64499690240865780a) Importer(815301076,1909f56bfc062723c751e8b465ee728b)
Start importing Assets/HyperCasual_SimpleCharacters/Textures/SimpleCharacter_Texture_Yellow.png using Guid(9fabc6ce8e5cbf64499690240865780a) Importer(815301076,1909f56bfc062723c751e8b465ee728b)  -> (artifact id: '3529118f5fb2ccf8084a0d094042b4d5') in 0.028909 seconds
  Import took 0.035202 seconds .

========================================================================
Received Import Request.
  Time since last request: 0.000369 seconds.
  path: Assets/Plugins/Demigiant/DOTween/Editor/Imgs/Footer_dark.png
  artifactKey: Guid(519694efe2bb2914788b151fbd8c01f4) Importer(815301076,1909f56bfc062723c751e8b465ee728b)
Start importing Assets/Plugins/Demigiant/DOTween/Editor/Imgs/Footer_dark.png using Guid(519694efe2bb2914788b151fbd8c01f4) Importer(815301076,1909f56bfc062723c751e8b465ee728b)  -> (artifact id: '0212382b54b35f2dd9b0c2ce22312663') in 0.017450 seconds
  Import took 0.023407 seconds .

========================================================================
Received Import Request.
  Time since last request: 0.000358 seconds.
  path: Assets/Plugins/Demigiant/DOTween/Editor/Imgs/DOTweenIcon.png
  artifactKey: Guid(8da095e39e9b4df488dfd436f81116d6) Importer(815301076,1909f56bfc062723c751e8b465ee728b)
Start importing Assets/Plugins/Demigiant/DOTween/Editor/Imgs/DOTweenIcon.png using Guid(8da095e39e9b4df488dfd436f81116d6) Importer(815301076,1909f56bfc062723c751e8b465ee728b)  -> (artifact id: 'c903ce4a37c87c212da1a7060fbe475b') in 0.016428 seconds
  Import took 0.027525 seconds .

========================================================================
Received Import Request.
  Time since last request: 0.000150 seconds.
  path: Assets/HyperCasual_SimpleCharacters/Textures/SimpleCharacter_Texture_Red.png
  artifactKey: Guid(9a462ec766b4fe2408fcf92626b11219) Importer(815301076,1909f56bfc062723c751e8b465ee728b)
Start importing Assets/HyperCasual_SimpleCharacters/Textures/SimpleCharacter_Texture_Red.png using Guid(9a462ec766b4fe2408fcf92626b11219) Importer(815301076,1909f56bfc062723c751e8b465ee728b)  -> (artifact id: '9ac2e29b2025bbffad0eb2c85830e6b1') in 0.025385 seconds
  Import took 0.033004 seconds .

========================================================================
Received Import Request.
  Time since last request: 0.000952 seconds.
  path: Assets/Plugins/Sirenix/Odin Inspector/Assets/Editor/Odin Inspector Logo.png
  artifactKey: Guid(a78bffbeb81b48ae9ec71ad7969613e5) Importer(815301076,1909f56bfc062723c751e8b465ee728b)
Start importing Assets/Plugins/Sirenix/Odin Inspector/Assets/Editor/Odin Inspector Logo.png using Guid(a78bffbeb81b48ae9ec71ad7969613e5) Importer(815301076,1909f56bfc062723c751e8b465ee728b)  -> (artifact id: '935c581ed2d0fef56637aa29cd08189a') in 0.026858 seconds
  Import took 0.033267 seconds .

========================================================================
Received Import Request.
  Time since last request: 0.000412 seconds.
  path: Assets/HyperCasual_SimpleCharacters/Textures/SimpleCharacter_Texture_B.png
  artifactKey: Guid(510dcf08163af8842a77cce5348b00ea) Importer(815301076,1909f56bfc062723c751e8b465ee728b)
Start importing Assets/HyperCasual_SimpleCharacters/Textures/SimpleCharacter_Texture_B.png using Guid(510dcf08163af8842a77cce5348b00ea) Importer(815301076,1909f56bfc062723c751e8b465ee728b)  -> (artifact id: 'bfd651653da8e15e645b8a1ea73b155b') in 0.054569 seconds
  Import took 0.060004 seconds .

========================================================================
Received Import Request.
  Time since last request: 567.830431 seconds.
  path: Assets/Projects/Material/rug_LP.obj
  artifactKey: Guid(d05e49e4d8870d146aed32ed54b2a9cd) Importer(815301076,1909f56bfc062723c751e8b465ee728b)
Start importing Assets/Projects/Material/rug_LP.obj using Guid(d05e49e4d8870d146aed32ed54b2a9cd) Importer(815301076,1909f56bfc062723c751e8b465ee728b)  -> (artifact id: '2d7c1300dd48fe753891d169ca667cf0') in 0.199556 seconds
  Import took 0.204875 seconds .

========================================================================
Received Import Request.
  Time since last request: 25.873856 seconds.
  path: Assets/Projects/Material/rug_LP_None_Diffuse.png
  artifactKey: Guid(b270df4063736f644897e63cac1443da) Importer(815301076,1909f56bfc062723c751e8b465ee728b)
Start importing Assets/Projects/Material/rug_LP_None_Diffuse.png using Guid(b270df4063736f644897e63cac1443da) Importer(815301076,1909f56bfc062723c751e8b465ee728b)  -> (artifact id: '376ca79d74f2ca9f52655ac04c4e5c6f') in 0.050045 seconds
  Import took 0.054867 seconds .

========================================================================
Received Import Request.
  Time since last request: 0.026921 seconds.
  path: Assets/Projects/Material/rug_LP_None_Diffuse.png
  artifactKey: Guid(b270df4063736f644897e63cac1443da) Importer(815301076,1909f56bfc062723c751e8b465ee728b)
Start importing Assets/Projects/Material/rug_LP_None_Diffuse.png using Guid(b270df4063736f644897e63cac1443da) Importer(815301076,1909f56bfc062723c751e8b465ee728b)  -> (artifact id: '376ca79d74f2ca9f52655ac04c4e5c6f') in 0.049989 seconds
  Import took 0.054657 seconds .

========================================================================
Received Prepare
Registering precompiled user dll's ...
Registered in 0.014572 seconds.
Begin MonoManager ReloadAssembly
Native extension for WindowsStandalone target not found
Native extension for WebGL target not found
Refreshing native plugins compatible for Editor in 0.45 ms, found 0 plugins.
Preloading 0 native plugins for Editor in 0.00 ms.
Invoked RoslynAnalysisRunner static constructor.
RoslynAnalysisRunner will not be running.
RoslynAnalysisRunner has terminated.
Mono: successfully reloaded assembly
- Completed reload, in  2.028 seconds
Platform modules already initialized, skipping
Switching build target platform(5) subTarget(0) extendedPlatform(0) -> platform(13) subTarget(537395200) extendedPlatform(0)
Refreshing native plugins compatible for Editor in 0.68 ms, found 0 plugins.
Preloading 0 native plugins for Editor in 0.00 ms.
Unloading 1131 Unused Serialized files (Serialized files now loaded: 0)
System memory in use before: 61.4 MB.
System memory in use after: 61.5 MB.

Unloading 17 unused Assets to reduce memory usage. Loaded Objects now: 1668.
Total: 31.922700 ms (FindLiveObjects: 0.346400 ms CreateObjectMapping: 0.103700 ms MarkObjects: 31.360400 ms  DeleteObjects: 0.109200 ms)

AssetImportParameters requested are different than current active one (requested -> active):
  custom:graphics/normal-map-encoding: 01000000000000000000000000000000 -> 02000000000000000000000000000000
========================================================================
Received Import Request.
  Time since last request: 169.362938 seconds.
  path: Assets/Projects/Material/seal baby race.obj
  artifactKey: Guid(cacc7588fea447348b844d20fb313e2f) Importer(815301076,1909f56bfc062723c751e8b465ee728b)
Start importing Assets/Projects/Material/seal baby race.obj using Guid(cacc7588fea447348b844d20fb313e2f) Importer(815301076,1909f56bfc062723c751e8b465ee728b)  -> (artifact id: '50d87c7051ac1217677d10a64ee8df88') in 0.470627 seconds
  Import took 0.475817 seconds .

========================================================================
Received Import Request.
  Time since last request: 222.902648 seconds.
  path: Assets/Projects/Material/water.tga
  artifactKey: Guid(c183a774787f6f94c8e4e10edcfc3860) Importer(815301076,1909f56bfc062723c751e8b465ee728b)
Start importing Assets/Projects/Material/water.tga using Guid(c183a774787f6f94c8e4e10edcfc3860) Importer(815301076,1909f56bfc062723c751e8b465ee728b)  -> (artifact id: '17386186b6aa0ff72cc3bad30f1124ab') in 0.052523 seconds
  Import took 0.057526 seconds .

========================================================================
Received Import Request.
  Time since last request: 22.253839 seconds.
  path: Assets/Projects/Textelur/water.tga
  artifactKey: Guid(c183a774787f6f94c8e4e10edcfc3860) Importer(815301076,1909f56bfc062723c751e8b465ee728b)
Start importing Assets/Projects/Textelur/water.tga using Guid(c183a774787f6f94c8e4e10edcfc3860) Importer(815301076,1909f56bfc062723c751e8b465ee728b)  -> (artifact id: '2afa1e3eab5118f7134978af97841102') in 0.071395 seconds
  Import took 0.076852 seconds .

========================================================================
Received Import Request.
  Time since last request: 346.100867 seconds.
  path: Assets/Projects/Textelur/mar.blend
  artifactKey: Guid(d80f8d0ee44463047abd4bfa98389059) Importer(815301076,1909f56bfc062723c751e8b465ee728b)
Start importing Assets/Projects/Textelur/mar.blend using Guid(d80f8d0ee44463047abd4bfa98389059) Importer(815301076,1909f56bfc062723c751e8b465ee728b)  -> (artifact id: '1b619074bc9bf0e325f1720bb0d5f9af') in 0.010815 seconds
  Import took 0.017303 seconds .

========================================================================
Received Import Request.
  Time since last request: 181.032522 seconds.
  path: Assets/Projects/Textelur/Water.7z
  artifactKey: Guid(dffe3233bd5bbf946b9ff35ac428bff3) Importer(815301076,1909f56bfc062723c751e8b465ee728b)
Start importing Assets/Projects/Textelur/Water.7z using Guid(dffe3233bd5bbf946b9ff35ac428bff3) Importer(815301076,1909f56bfc062723c751e8b465ee728b)  -> (artifact id: '5bdd3d3c12849efd02f9eea3895acaa9') in 0.013890 seconds
  Import took 0.018138 seconds .

========================================================================
Received Import Request.
  Time since last request: 15.334360 seconds.
  path: Assets/Projects/Textelur/Water.png
  artifactKey: Guid(24e1a9c3440f9f2448f94b02c59a4341) Importer(815301076,1909f56bfc062723c751e8b465ee728b)
Start importing Assets/Projects/Textelur/Water.png using Guid(24e1a9c3440f9f2448f94b02c59a4341) Importer(815301076,1909f56bfc062723c751e8b465ee728b)  -> (artifact id: '0621b69e7c230d888ec3f43d06a5875f') in 0.066731 seconds
  Import took 0.074109 seconds .

========================================================================
Received Import Request.
  Time since last request: 21.339215 seconds.
  path: Assets/Projects/Textelur/Water.png
  artifactKey: Guid(24e1a9c3440f9f2448f94b02c59a4341) Importer(815301076,1909f56bfc062723c751e8b465ee728b)
Start importing Assets/Projects/Textelur/Water.png using Guid(24e1a9c3440f9f2448f94b02c59a4341) Importer(815301076,1909f56bfc062723c751e8b465ee728b)  -> (artifact id: '5883b60d49120ae406e20d14f6de91b1') in 0.071700 seconds
  Import took 0.075437 seconds .

========================================================================
Received Import Request.
  Time since last request: 249.157065 seconds.
  path: Assets/Projects/Textelur/Boat.obj
  artifactKey: Guid(e199f38caeb1d1e49882cb54a9eb360a) Importer(815301076,1909f56bfc062723c751e8b465ee728b)
Start importing Assets/Projects/Textelur/Boat.obj using Guid(e199f38caeb1d1e49882cb54a9eb360a) Importer(815301076,1909f56bfc062723c751e8b465ee728b)  -> (artifact id: 'f43426ff16034b597c0c7fd7b4cacf87') in 4.640555 seconds
  Import took 4.647221 seconds .

